#
# A fatal error has been detected by the Java Runtime Environment:
#
#  SIGSEGV (0xb) at pc=0x0000000108ca8f15, pid=974, tid=0x0000000000003303
#
# JRE version: OpenJDK Runtime Environment (8.0_222-b10) (build 1.8.0_222-b10)
# Java VM: OpenJDK 64-Bit Server VM (25.222-b10 mixed mode bsd-amd64 compressed oops)
# Problematic frame:
# V  [libjvm.dylib+0x2a8f15]  IndexSetIterator::advance_and_next()+0x9f
#
# Failed to write core dump. Core dumps have been disabled. To enable core dumping, try "ulimit -c unlimited" before starting Java again
#
# If you would like to submit a bug report, please visit:
#   http://bugreport.java.com/bugreport/crash.jsp
#

---------------  T H R E A D  ---------------

Current thread (0x00007fa838815000):  JavaThread "C2 CompilerThread1" daemon [_thread_in_native, id=13059, stack(0x000070000d1f0000,0x000070000d2f0000)]

siginfo: si_signo: 11 (SIGSEGV), si_code: 0 (unknown), si_addr: 0x0000000000000000

Registers:
RAX=0x0020000109297220, RBX=0x000070000d2ec760, RCX=0x0000000000000000, RDX=0x0000000000000800
RSP=0x000070000d2ec730, RBP=0x000070000d2ec750, RSI=0x0000000000000007, RDI=0x00007fa83f353fa0
R8 =0x0000000000000006, R9 =0xffffffff00000000, R10=0x00000001091f3868, R11=0x0000000000000000
R12=0x0000000109297220, R13=0x000070000d2ec760, R14=0x0000000000000008, R15=0x0000000000000800
RIP=0x0000000108ca8f15, EFLAGS=0x0000000000010293, ERR=0x0000000000000000
  TRAPNO=0x000000000000000d

Top of Stack: (sp=0x000070000d2ec730)
0x000070000d2ec730:   000070000d2ec9a8 000000000000001a
0x000070000d2ec740:   0000000000000000 0000000000000002
0x000070000d2ec750:   000070000d2ec7c0 0000000108ca47db
0x000070000d2ec760:   0000058800000000 0000700000000005
0x000070000d2ec770:   0020000109297220 0000700000000006
0x000070000d2ec780:   00007fa83def50c0 0000000100000009
0x000070000d2ec790:   00007fa83def50b0 000070000d2ec9a8
0x000070000d2ec7a0:   000070000d2ec800 000070000d2ec9e8
0x000070000d2ec7b0:   0000000000000881 0000000109297220
0x000070000d2ec7c0:   000070000d2ec7e0 0000000108ca4810
0x000070000d2ec7d0:   000070000d2ed5b0 000070000d2ed698
0x000070000d2ec7e0:   000070000d2ecaf0 0000000108b6105e
0x000070000d2ec7f0:   000070000d2ec810 00007fa8377809d8
0x000070000d2ec800:   000070000d2ec810 0000000108e4a222
0x000070000d2ec810:   000070000d2ec970 0000000108c77364
0x000070000d2ec820:   000070000d2ec920 000000000000001c
0x000070000d2ec830:   0000000000000080 0000000000000000
0x000070000d2ec840:   00007fa84059c0a0 00007fa837773a10
0x000070000d2ec850:   0000000000000dde 00007fa837780901
0x000070000d2ec860:   00007fa838fe1b20 000070000d2ed6e0
0x000070000d2ec870:   00007fa838fe1b20 00007fa83800f9c0
0x000070000d2ec880:   0000000000000004 00007fa83f360410
0x000070000d2ec890:   0000000000000000 00007fa83f360620
0x000070000d2ec8a0:   0000000000000008 00007fa83800f9c0
0x000070000d2ec8b0:   000070000d2ec8f0 0000000108aa4a3b
0x000070000d2ec8c0:   000000010927f5c0 00007fa80000000d
0x000070000d2ec8d0:   000070000d2ef048 000070000d2ed5b0
0x000070000d2ec8e0:   00007fa800000003 000070000d2ec8f0
0x000070000d2ec8f0:   00007fa841babc80 0000000109297220
0x000070000d2ec900:   0000000109297220 0000000109297220
0x000070000d2ec910:   0000000109297220 0000000109297220
0x000070000d2ec920:   0000000109297220 0000000109297220 

Instructions: (pc=0x0000000108ca8f15)
0x0000000108ca8ef5:   e9 80 8a eb ff 44 89 f0 48 8b 4b 20 48 8b 04 c1
0x0000000108ca8f05:   4c 39 e0 74 2d 48 89 43 10 31 c9 44 89 fa eb 0c
0x0000000108ca8f15:   83 3c 88 00 75 bb 83 c2 20 48 ff c1 83 f9 08 72
0x0000000108ca8f25:   ef 48 8b 7b 30 48 85 ff 74 08 44 89 f6 e8 c7 fe 

Register to memory mapping:

RAX=0x0020000109297220 is an unknown value
RBX=0x000070000d2ec760 is pointing into the stack for thread: 0x00007fa838815000
RCX=0x0000000000000000 is an unknown value
RDX=0x0000000000000800 is an unknown value
RSP=0x000070000d2ec730 is pointing into the stack for thread: 0x00007fa838815000
RBP=0x000070000d2ec750 is pointing into the stack for thread: 0x00007fa838815000
RSI=0x0000000000000007 is an unknown value
RDI=0x00007fa83f353fa0 is an unknown value
R8 =0x0000000000000006 is an unknown value
R9 =0xffffffff00000000 is an unknown value
R10=0x00000001091f3868: _ZL8tc_mutex+0x18 in /Library/Java/JavaVirtualMachines/adoptopenjdk-8.jdk/Contents/Home/jre/lib/server/libjvm.dylib at 0x0000000108a00000
R11=0x0000000000000000 is an unknown value
R12=0x0000000109297220: _ZN8IndexSet12_empty_blockE+0 in /Library/Java/JavaVirtualMachines/adoptopenjdk-8.jdk/Contents/Home/jre/lib/server/libjvm.dylib at 0x0000000108a00000
R13=0x000070000d2ec760 is pointing into the stack for thread: 0x00007fa838815000
R14=0x0000000000000008 is an unknown value
R15=0x0000000000000800 is an unknown value


Stack: [0x000070000d1f0000,0x000070000d2f0000],  sp=0x000070000d2ec730,  free space=1009k
Native frames: (J=compiled Java code, j=interpreted, Vv=VM code, C=native code)
V  [libjvm.dylib+0x2a8f15]  IndexSetIterator::advance_and_next()+0x9f
V  [libjvm.dylib+0x2a47db]  PhaseIFG::effective_degree(unsigned int) const+0x97
V  [libjvm.dylib+0x2a4810]  PhaseIFG::Compute_Effective_Degree()+0x1e
V  [libjvm.dylib+0x16105e]  PhaseChaitin::Register_Allocate()+0x61e
V  [libjvm.dylib+0x1ad064]  Compile::Code_Gen()+0x14e
V  [libjvm.dylib+0x1b124c]  Compile::Compile(ciEnv*, C2Compiler*, ciMethod*, int, bool, bool, bool)+0x982
V  [libjvm.dylib+0x1506ca]  C2Compiler::compile_method(ciEnv*, ciMethod*, int)+0xb2
V  [libjvm.dylib+0x1b40d4]  CompileBroker::invoke_compiler_on_method(CompileTask*)+0x5b2
V  [libjvm.dylib+0x1b6621]  CompileBroker::compiler_thread_loop()+0x291
V  [libjvm.dylib+0x53fd15]  JavaThread::thread_main_inner()+0x9b
V  [libjvm.dylib+0x5413fe]  JavaThread::run()+0x1c0
V  [libjvm.dylib+0x463efa]  java_start(Thread*)+0xf6
C  [libsystem_pthread.dylib+0x6109]  _pthread_start+0x94
C  [libsystem_pthread.dylib+0x1b8b]  thread_start+0xf
C  0x0000000000000000


Current CompileTask:
C2:  75951 11431       4       org.gradle.api.internal.tasks.CachingTaskDependencyResolveContext$TaskGraphImpl::getNodeValues (271 bytes)


---------------  P R O C E S S  ---------------

Java Threads: ( => current thread )
  0x00007fa841d42000 JavaThread "Cache worker for file content cache (/Users/carl/Sources/bouncecode-gitlab/projects/pinkribbon/react-native/android/.gradle/6.2/fileContent)" [_thread_blocked, id=30211, stack(0x000070000f456000,0x000070000f556000)]
  0x00007fa838ae4000 JavaThread "Cache worker for file content cache (/Users/carl/.gradle/caches/6.2/fileContent)" [_thread_blocked, id=29955, stack(0x000070000f353000,0x000070000f453000)]
  0x00007fa8406b7800 JavaThread "Memory manager" [_thread_blocked, id=29443, stack(0x000070000f250000,0x000070000f350000)]
  0x00007fa83a2a2000 JavaThread "Cache worker for Build Output Cleanup Cache (/Users/carl/Sources/bouncecode-gitlab/projects/pinkribbon/react-native/android/.gradle/buildOutputCleanup)" [_thread_blocked, id=29187, stack(0x000070000f14d000,0x000070000f24d000)]
  0x00007fa83a835800 JavaThread "Build operations Thread 8" [_thread_blocked, id=28675, stack(0x000070000f04a000,0x000070000f14a000)]
  0x00007fa83f718000 JavaThread "Build operations Thread 7" [_thread_blocked, id=37635, stack(0x000070000ef47000,0x000070000f047000)]
  0x00007fa83e62b000 JavaThread "Build operations Thread 6" [_thread_blocked, id=38147, stack(0x000070000ee44000,0x000070000ef44000)]
  0x00007fa83f71a000 JavaThread "Build operations Thread 5" [_thread_blocked, id=38403, stack(0x000070000ed41000,0x000070000ee41000)]
  0x00007fa83a653800 JavaThread "Build operations Thread 4" [_thread_blocked, id=28163, stack(0x000070000ec3e000,0x000070000ed3e000)]
  0x00007fa83a653000 JavaThread "Build operations Thread 3" [_thread_blocked, id=27907, stack(0x000070000eb3b000,0x000070000ec3b000)]
  0x00007fa840fcc000 JavaThread "Build operations Thread 2" [_thread_blocked, id=27395, stack(0x000070000ea38000,0x000070000eb38000)]
  0x00007fa837033800 JavaThread "Build operations" [_thread_blocked, id=26883, stack(0x000070000e935000,0x000070000ea35000)]
  0x00007fa839350800 JavaThread "process reaper" daemon [_thread_blocked, id=11787, stack(0x000070000cf67000,0x000070000cf8f000)]
  0x00007fa837e9c800 JavaThread "Cache worker for execution history cache (/Users/carl/.gradle/caches/6.2/executionHistory)" [_thread_blocked, id=26115, stack(0x000070000e832000,0x000070000e932000)]
  0x00007fa840815000 JavaThread "Cache worker for cache directory md-rule (/Users/carl/.gradle/caches/6.2/md-rule)" [_thread_blocked, id=25603, stack(0x000070000e72f000,0x000070000e82f000)]
  0x00007fa83a81d800 JavaThread "Cache worker for cache directory md-supplier (/Users/carl/.gradle/caches/6.2/md-supplier)" [_thread_blocked, id=39427, stack(0x000070000e62c000,0x000070000e72c000)]
  0x00007fa839c99800 JavaThread "Cache worker for file hash cache (/Users/carl/Sources/bouncecode-gitlab/projects/pinkribbon/react-native/android/.gradle/6.2/fileHashes)" [_thread_blocked, id=39939, stack(0x000070000e529000,0x000070000e629000)]
  0x00007fa8388b1800 JavaThread "Cache worker for checksums cache (/Users/carl/Sources/bouncecode-gitlab/projects/pinkribbon/react-native/android/.gradle/checksums)" [_thread_blocked, id=25091, stack(0x000070000e426000,0x000070000e526000)]
  0x00007fa83aa6c000 JavaThread "Cache worker for file hash cache (/Users/carl/.gradle/caches/6.2/fileHashes)" [_thread_blocked, id=40451, stack(0x000070000e323000,0x000070000e423000)]
  0x00007fa839279000 JavaThread "File lock request listener" [_thread_in_native, id=40707, stack(0x000070000e220000,0x000070000e320000)]
  0x00007fa836968800 JavaThread "Cache worker for journal cache (/Users/carl/.gradle/caches/journal-1)" [_thread_blocked, id=24579, stack(0x000070000e11d000,0x000070000e21d000)]
  0x00007fa837aaf000 JavaThread "Thread-9" [_thread_blocked, id=24067, stack(0x000070000e01a000,0x000070000e11a000)]
  0x00007fa83a46a800 JavaThread "Stdin handler" [_thread_blocked, id=41219, stack(0x000070000df17000,0x000070000e017000)]
  0x00007fa83924e800 JavaThread "Asynchronous log dispatcher for DefaultDaemonConnection: socket connection from /127.0.0.1:49353 to /127.0.0.1:49354" [_thread_blocked, id=41475, stack(0x000070000de14000,0x000070000df14000)]
  0x00007fa837a56000 JavaThread "Daemon worker" [_thread_in_vm, id=23043, stack(0x000070000dd11000,0x000070000de11000)]
  0x00007fa8371cf000 JavaThread "Cancel handler" [_thread_blocked, id=41987, stack(0x000070000dc0e000,0x000070000dd0e000)]
  0x00007fa83a46b800 JavaThread "Handler for socket connection from /127.0.0.1:49353 to /127.0.0.1:49354" [_thread_in_native, id=22787, stack(0x000070000db0b000,0x000070000dc0b000)]
  0x00007fa839c94000 JavaThread "Daemon" [_thread_blocked, id=22531, stack(0x000070000da08000,0x000070000db08000)]
  0x00007fa83aa71800 JavaThread "Daemon periodic checks" [_thread_blocked, id=42755, stack(0x000070000d905000,0x000070000da05000)]
  0x00007fa83a966000 JavaThread "Incoming local TCP Connector on port 49353" [_thread_in_native, id=22019, stack(0x000070000d802000,0x000070000d902000)]
  0x00007fa839c93000 JavaThread "Daemon health stats" [_thread_blocked, id=21763, stack(0x000070000d6ff000,0x000070000d7ff000)]
  0x00007fa837008800 JavaThread "Service Thread" daemon [_thread_blocked, id=14339, stack(0x000070000d4f9000,0x000070000d5f9000)]
  0x00007fa83982c800 JavaThread "C1 CompilerThread3" daemon [_thread_blocked, id=14851, stack(0x000070000d3f6000,0x000070000d4f6000)]
  0x00007fa838820800 JavaThread "C2 CompilerThread2" daemon [_thread_in_native, id=15363, stack(0x000070000d2f3000,0x000070000d3f3000)]
=>0x00007fa838815000 JavaThread "C2 CompilerThread1" daemon [_thread_in_native, id=13059, stack(0x000070000d1f0000,0x000070000d2f0000)]
  0x00007fa83a047800 JavaThread "C2 CompilerThread0" daemon [_thread_in_native, id=15875, stack(0x000070000d0ed000,0x000070000d1ed000)]
  0x00007fa83a047000 JavaThread "Signal Dispatcher" daemon [_thread_blocked, id=16387, stack(0x000070000cfea000,0x000070000d0ea000)]
  0x00007fa837822800 JavaThread "Finalizer" daemon [_thread_blocked, id=11523, stack(0x000070000cde1000,0x000070000cee1000)]
  0x00007fa83a01f800 JavaThread "Reference Handler" daemon [_thread_blocked, id=19203, stack(0x000070000ccde000,0x000070000cdde000)]
  0x00007fa83a008800 JavaThread "main" [_thread_blocked, id=3843, stack(0x000070000c2c0000,0x000070000c3c0000)]

Other Threads:
  0x00007fa83680c800 VMThread [stack: 0x000070000cbdb000,0x000070000ccdb000] [id=19715]
  0x00007fa83a02b000 WatcherThread [stack: 0x000070000d5fc000,0x000070000d6fc000] [id=14083]

VM state:not at safepoint (normal execution)

VM Mutex/Monitor currently owned by a thread:  ([mutex/lock_event])
[0x00007fa838008980] SystemDictionary_lock - owner thread: 0x0000000000000000

heap address: 0x00000006c0000000, size: 4096 MB, Compressed Oops mode: Zero based, Oop shift amount: 3
Narrow klass base: 0x0000000000000000, Narrow klass shift: 3
Compressed class space size: 1073741824 Address: 0x00000007c0000000

Heap:
 PSYoungGen      total 347136K, used 220118K [0x000000076ab00000, 0x0000000784000000, 0x00000007c0000000)
  eden space 318464K, 60% used [0x000000076ab00000,0x00000007765f9618,0x000000077e200000)
  from space 28672K, 99% used [0x0000000780b00000,0x00000007826fc248,0x0000000782700000)
  to   space 41984K, 0% used [0x000000077e200000,0x000000077e200000,0x0000000780b00000)
 ParOldGen       total 172032K, used 78147K [0x00000006c0000000, 0x00000006ca800000, 0x000000076ab00000)
  object space 172032K, 45% used [0x00000006c0000000,0x00000006c4c50d18,0x00000006ca800000)
 Metaspace       used 73849K, capacity 80168K, committed 80424K, reserved 1118208K
  class space    used 10099K, capacity 11803K, committed 11824K, reserved 1048576K

Card table byte_map: [0x00000001098da000,0x000000010a0db000] byte_map_base: 0x00000001062da000

Marking Bits: (ParMarkBitMap*) 0x000000010929bfa0
 Begin Bits: [0x000000011aa8e000, 0x000000011ea8e000)
 End Bits:   [0x000000011ea8e000, 0x0000000122a8e000)

Polling page: 0x000000010784b000

CodeCache: size=245760Kb used=32743Kb max_used=32743Kb free=213017Kb
 bounds [0x000000010ba8e000, 0x000000010dabe000, 0x000000011aa8e000]
 total_blobs=10982 nmethods=10163 adapters=730
 compilation: enabled

Compilation events (10 events):
Event: 75.919 Thread 0x00007fa83982c800 nmethod 11472 0x000000010daaaf10 code [0x000000010daab080, 0x000000010daab208]
Event: 75.919 Thread 0x00007fa83982c800 11473       2       org.gradle.api.internal.project.taskfactory.AbstractIncrementalTaskAction::<init> (7 bytes)
Event: 75.919 Thread 0x00007fa83982c800 nmethod 11473 0x000000010daab290 code [0x000000010daab3e0, 0x000000010daab550]
Event: 75.920 Thread 0x00007fa83982c800 11474       2       com.google.common.base.Equivalence$Wrapper::hashCode (12 bytes)
Event: 75.920 Thread 0x00007fa83982c800 nmethod 11474 0x000000010daab5d0 code [0x000000010daab740, 0x000000010daab8e8]
Event: 75.928 Thread 0x00007fa83982c800 11475       2       java.lang.String::replaceAll (13 bytes)
Event: 75.929 Thread 0x00007fa83982c800 nmethod 11475 0x000000010daab9d0 code [0x000000010daabb60, 0x000000010daabd88]
Event: 75.929 Thread 0x00007fa83982c800 11476   !   2       org.objectweb.asm.ClassWriter::getCommonSuperClass (141 bytes)
Event: 75.930 Thread 0x00007fa83982c800 nmethod 11476 0x000000010daabed0 code [0x000000010daac120, 0x000000010daac7d8]
Event: 75.930 Thread 0x00007fa83982c800 11477       2       org.objectweb.asm.ClassWriter::getClassLoader (8 bytes)

GC Heap History (10 events):
Event: 58.506 GC heap before
{Heap before GC invocations=11 (full 2):
 PSYoungGen      total 190976K, used 190952K [0x000000076ab00000, 0x0000000778000000, 0x00000007c0000000)
  eden space 177664K, 100% used [0x000000076ab00000,0x0000000775880000,0x0000000775880000)
  from space 13312K, 99% used [0x0000000776700000,0x00000007773fa2d0,0x0000000777400000)
  to   space 14848K, 0% used [0x0000000775880000,0x0000000775880000,0x0000000776700000)
 ParOldGen       total 122368K, used 17981K [0x00000006c0000000, 0x00000006c7780000, 0x000000076ab00000)
  object space 122368K, 14% used [0x00000006c0000000,0x00000006c118f4b0,0x00000006c7780000)
 Metaspace       used 53356K, capacity 55756K, committed 55976K, reserved 1097728K
  class space    used 7232K, capacity 7786K, committed 7856K, reserved 1048576K
Event: 58.528 GC heap after
Heap after GC invocations=11 (full 2):
 PSYoungGen      total 192512K, used 14844K [0x000000076ab00000, 0x000000077c600000, 0x00000007c0000000)
  eden space 177664K, 0% used [0x000000076ab00000,0x000000076ab00000,0x0000000775880000)
  from space 14848K, 99% used [0x0000000775880000,0x00000007766ff0e0,0x0000000776700000)
  to   space 20480K, 0% used [0x000000077b200000,0x000000077b200000,0x000000077c600000)
 ParOldGen       total 122368K, used 27586K [0x00000006c0000000, 0x00000006c7780000, 0x000000076ab00000)
  object space 122368K, 22% used [0x00000006c0000000,0x00000006c1af0a70,0x00000006c7780000)
 Metaspace       used 53356K, capacity 55756K, committed 55976K, reserved 1097728K
  class space    used 7232K, capacity 7786K, committed 7856K, reserved 1048576K
}
Event: 60.294 GC heap before
{Heap before GC invocations=12 (full 2):
 PSYoungGen      total 192512K, used 68082K [0x000000076ab00000, 0x000000077c600000, 0x00000007c0000000)
  eden space 177664K, 29% used [0x000000076ab00000,0x000000076defd800,0x0000000775880000)
  from space 14848K, 99% used [0x0000000775880000,0x00000007766ff0e0,0x0000000776700000)
  to   space 20480K, 0% used [0x000000077b200000,0x000000077b200000,0x000000077c600000)
 ParOldGen       total 122368K, used 27586K [0x00000006c0000000, 0x00000006c7780000, 0x000000076ab00000)
  object space 122368K, 22% used [0x00000006c0000000,0x00000006c1af0a70,0x00000006c7780000)
 Metaspace       used 56468K, capacity 59110K, committed 59160K, reserved 1099776K
  class space    used 7715K, capacity 8356K, committed 8368K, reserved 1048576K
Event: 60.309 GC heap after
Heap after GC invocations=12 (full 2):
 PSYoungGen      total 266240K, used 14340K [0x000000076ab00000, 0x000000077c480000, 0x00000007c0000000)
  eden space 247296K, 0% used [0x000000076ab00000,0x000000076ab00000,0x0000000779c80000)
  from space 18944K, 75% used [0x000000077b200000,0x000000077c001318,0x000000077c480000)
  to   space 20480K, 0% used [0x0000000779c80000,0x0000000779c80000,0x000000077b080000)
 ParOldGen       total 122368K, used 33954K [0x00000006c0000000, 0x00000006c7780000, 0x000000076ab00000)
  object space 122368K, 27% used [0x00000006c0000000,0x00000006c2128948,0x00000006c7780000)
 Metaspace       used 56468K, capacity 59110K, committed 59160K, reserved 1099776K
  class space    used 7715K, capacity 8356K, committed 8368K, reserved 1048576K
}
Event: 60.309 GC heap before
{Heap before GC invocations=13 (full 3):
 PSYoungGen      total 266240K, used 14340K [0x000000076ab00000, 0x000000077c480000, 0x00000007c0000000)
  eden space 247296K, 0% used [0x000000076ab00000,0x000000076ab00000,0x0000000779c80000)
  from space 18944K, 75% used [0x000000077b200000,0x000000077c001318,0x000000077c480000)
  to   space 20480K, 0% used [0x0000000779c80000,0x0000000779c80000,0x000000077b080000)
 ParOldGen       total 122368K, used 33954K [0x00000006c0000000, 0x00000006c7780000, 0x000000076ab00000)
  object space 122368K, 27% used [0x00000006c0000000,0x00000006c2128948,0x00000006c7780000)
 Metaspace       used 56468K, capacity 59110K, committed 59160K, reserved 1099776K
  class space    used 7715K, capacity 8356K, committed 8368K, reserved 1048576K
Event: 60.590 GC heap after
Heap after GC invocations=13 (full 3):
 PSYoungGen      total 266240K, used 0K [0x000000076ab00000, 0x000000077c480000, 0x00000007c0000000)
  eden space 247296K, 0% used [0x000000076ab00000,0x000000076ab00000,0x0000000779c80000)
  from space 18944K, 0% used [0x000000077b200000,0x000000077b200000,0x000000077c480000)
  to   space 20480K, 0% used [0x0000000779c80000,0x0000000779c80000,0x000000077b080000)
 ParOldGen       total 172032K, used 37161K [0x00000006c0000000, 0x00000006ca800000, 0x000000076ab00000)
  object space 172032K, 21% used [0x00000006c0000000,0x00000006c244a460,0x00000006ca800000)
 Metaspace       used 56436K, capacity 59002K, committed 59160K, reserved 1099776K
  class space    used 7705K, capacity 8338K, committed 8368K, reserved 1048576K
}
Event: 68.808 GC heap before
{Heap before GC invocations=14 (full 3):
 PSYoungGen      total 266240K, used 247296K [0x000000076ab00000, 0x000000077c480000, 0x00000007c0000000)
  eden space 247296K, 100% used [0x000000076ab00000,0x0000000779c80000,0x0000000779c80000)
  from space 18944K, 0% used [0x000000077b200000,0x000000077b200000,0x000000077c480000)
  to   space 20480K, 0% used [0x0000000779c80000,0x0000000779c80000,0x000000077b080000)
 ParOldGen       total 172032K, used 37161K [0x00000006c0000000, 0x00000006ca800000, 0x000000076ab00000)
  object space 172032K, 21% used [0x00000006c0000000,0x00000006c244a460,0x00000006ca800000)
 Metaspace       used 65176K, capacity 69974K, committed 70184K, reserved 1110016K
  class space    used 8964K, capacity 10266K, committed 10288K, reserved 1048576K
Event: 68.844 GC heap after
Heap after GC invocations=14 (full 3):
 PSYoungGen      total 267776K, used 20464K [0x000000076ab00000, 0x0000000782700000, 0x00000007c0000000)
  eden space 247296K, 0% used [0x000000076ab00000,0x000000076ab00000,0x0000000779c80000)
  from space 20480K, 99% used [0x0000000779c80000,0x000000077b07c030,0x000000077b080000)
  to   space 28672K, 0% used [0x0000000780b00000,0x0000000780b00000,0x0000000782700000)
 ParOldGen       total 172032K, used 52011K [0x00000006c0000000, 0x00000006ca800000, 0x000000076ab00000)
  object space 172032K, 30% used [0x00000006c0000000,0x00000006c32cad78,0x00000006ca800000)
 Metaspace       used 65176K, capacity 69974K, committed 70184K, reserved 1110016K
  class space    used 8964K, capacity 10266K, committed 10288K, reserved 1048576K
}
Event: 74.619 GC heap before
{Heap before GC invocations=15 (full 3):
 PSYoungGen      total 267776K, used 267760K [0x000000076ab00000, 0x0000000782700000, 0x00000007c0000000)
  eden space 247296K, 100% used [0x000000076ab00000,0x0000000779c80000,0x0000000779c80000)
  from space 20480K, 99% used [0x0000000779c80000,0x000000077b07c030,0x000000077b080000)
  to   space 28672K, 0% used [0x0000000780b00000,0x0000000780b00000,0x0000000782700000)
 ParOldGen       total 172032K, used 52011K [0x00000006c0000000, 0x00000006ca800000, 0x000000076ab00000)
  object space 172032K, 30% used [0x00000006c0000000,0x00000006c32cad78,0x00000006ca800000)
 Metaspace       used 72619K, capacity 78650K, committed 78888K, reserved 1116160K
  class space    used 9961K, capacity 11568K, committed 11568K, reserved 1048576K
Event: 74.668 GC heap after
Heap after GC invocations=15 (full 3):
 PSYoungGen      total 347136K, used 28656K [0x000000076ab00000, 0x0000000784000000, 0x00000007c0000000)
  eden space 318464K, 0% used [0x000000076ab00000,0x000000076ab00000,0x000000077e200000)
  from space 28672K, 99% used [0x0000000780b00000,0x00000007826fc248,0x0000000782700000)
  to   space 41984K, 0% used [0x000000077e200000,0x000000077e200000,0x0000000780b00000)
 ParOldGen       total 172032K, used 78147K [0x00000006c0000000, 0x00000006ca800000, 0x000000076ab00000)
  object space 172032K, 45% used [0x00000006c0000000,0x00000006c4c50d18,0x00000006ca800000)
 Metaspace       used 72619K, capacity 78650K, committed 78888K, reserved 1116160K
  class space    used 9961K, capacity 11568K, committed 11568K, reserved 1048576K
}

Deoptimization events (10 events):
Event: 75.543 Thread 0x00007fa837a56000 Uncommon trap: reason=class_check action=maybe_recompile pc=0x000000010bf15590 method=org.gradle.internal.component.local.model.DefaultLocalComponentMetadata$DefaultLocalConfigurationMetadata.include(Lorg/gradle/internal/component/local/model/DefaultLocal
Event: 75.543 Thread 0x00007fa837a56000 Uncommon trap: reason=class_check action=maybe_recompile pc=0x000000010bf15590 method=org.gradle.internal.component.local.model.DefaultLocalComponentMetadata$DefaultLocalConfigurationMetadata.include(Lorg/gradle/internal/component/local/model/DefaultLocal
Event: 75.543 Thread 0x00007fa837a56000 Uncommon trap: reason=class_check action=maybe_recompile pc=0x000000010bf15590 method=org.gradle.internal.component.local.model.DefaultLocalComponentMetadata$DefaultLocalConfigurationMetadata.include(Lorg/gradle/internal/component/local/model/DefaultLocal
Event: 75.543 Thread 0x00007fa837a56000 Uncommon trap: reason=class_check action=maybe_recompile pc=0x000000010bf15590 method=org.gradle.internal.component.local.model.DefaultLocalComponentMetadata$DefaultLocalConfigurationMetadata.include(Lorg/gradle/internal/component/local/model/DefaultLocal
Event: 75.548 Thread 0x00007fa83924e800 Uncommon trap: reason=unstable_if action=reinterpret pc=0x000000010c2eb3c0 method=com.esotericsoftware.kryo.io.Output.writeVarLong(JZ)I @ 55
Event: 75.681 Thread 0x00007fa837a56000 Uncommon trap: reason=unstable_if action=reinterpret pc=0x000000010bd0768c method=com.google.common.collect.ImmutableCollection$ArrayBasedBuilder.addAll(Ljava/lang/Iterable;)Lcom/google/common/collect/ImmutableCollection$Builder; @ 4
Event: 75.831 Thread 0x00007fa837a56000 Uncommon trap: reason=class_check action=maybe_recompile pc=0x000000010d322e34 method=com.google.common.collect.ImmutableSet$Builder.build()Lcom/google/common/collect/ImmutableSet; @ 147
Event: 75.919 Thread 0x00007fa837a56000 Uncommon trap: reason=speculate_class_check action=maybe_recompile pc=0x000000010d957874 method=com.google.common.base.Equivalence.hash(Ljava/lang/Object;)I @ 8
Event: 75.920 Thread 0x00007fa837a56000 Uncommon trap: reason=class_check action=maybe_recompile pc=0x000000010d322e34 method=com.google.common.collect.ImmutableSet$Builder.build()Lcom/google/common/collect/ImmutableSet; @ 147
Event: 75.920 Thread 0x00007fa837a56000 Uncommon trap: reason=class_check action=maybe_recompile pc=0x000000010d322e34 method=com.google.common.collect.ImmutableSet$Builder.build()Lcom/google/common/collect/ImmutableSet; @ 147

Classes redefined (0 events):
No events

Internal exceptions (10 events):
Event: 71.994 Thread 0x00007fa837a56000 Exception <a 'java/lang/ClassNotFoundException': SendAnalyticsTask_DecoratedCustomizer> (0x00000007720ae2e0) thrown at [/Users/jenkins/workspace/build-scripts/jobs/jdk8u/jdk8u-mac-x64-hotspot/workspace/build/src/hotspot/src/share/vm/classfile/systemDictio
Event: 72.011 Thread 0x00007fa837a56000 Exception <a 'java/lang/ClassNotFoundException': java/util/regex/MatcherBeanInfo> (0x000000077212c3a8) thrown at [/Users/jenkins/workspace/build-scripts/jobs/jdk8u/jdk8u-mac-x64-hotspot/workspace/build/src/hotspot/src/share/vm/classfile/systemDictionary.c
Event: 72.012 Thread 0x00007fa837a56000 Exception <a 'java/lang/ClassNotFoundException': java/util/regex/MatcherCustomizer> (0x000000077213e238) thrown at [/Users/jenkins/workspace/build-scripts/jobs/jdk8u/jdk8u-mac-x64-hotspot/workspace/build/src/hotspot/src/share/vm/classfile/systemDictionary
Event: 72.398 Thread 0x00007fa837a56000 Exception <a 'java/lang/NoSuchMethodError': java.lang.Object.lambda$static$0(Lorg/gradle/api/internal/tasks/TaskDependencyResolveContext;)V> (0x000000077291b108) thrown at [/Users/jenkins/workspace/build-scripts/jobs/jdk8u/jdk8u-mac-x64-hotspot/workspace/
Event: 72.516 Thread 0x00007fa837a56000 Implicit null exception at 0x000000010c8807a3 to 0x000000010c88097d
Event: 72.625 Thread 0x00007fa837a56000 Implicit null exception at 0x000000010d13651c to 0x000000010d136d19
Event: 73.025 Thread 0x00007fa837a56000 Implicit null exception at 0x000000010c0bb882 to 0x000000010c0bbddd
Event: 73.057 Thread 0x00007fa837a56000 Implicit null exception at 0x000000010bc40176 to 0x000000010bc40535
Event: 73.583 Thread 0x00007fa837a56000 Exception <a 'java/lang/NoSuchMethodError': java.lang.Object.lambda$static$0(Lorg/gradle/api/specs/Spec;Lorg/gradle/api/internal/artifacts/transform/VariantSelector;)Lorg/gradle/api/internal/artifacts/ivyservice/resolveengine/artifact/ResolvedArtifactSet;
Event: 73.674 Thread 0x00007fa837a56000 Implicit null exception at 0x000000010d3ae437 to 0x000000010d3ae9f5

Events (10 events):
Event: 75.923 loading class com/android/build/gradle/internal/tasks/ValidateSigningTask$CreationAction$configure$1
Event: 75.923 loading class com/android/build/gradle/internal/tasks/ValidateSigningTask$CreationAction$configure$1 done
Event: 75.924 loading class org/gradle/api/internal/TaskOutputsInternal
Event: 75.924 loading class org/gradle/api/internal/TaskOutputsInternal done
Event: 75.924 loading class org/gradle/api/internal/tasks/DefaultTaskOutputs$2
Event: 75.924 loading class org/gradle/api/internal/tasks/DefaultTaskOutputs$2 done
Event: 75.927 Thread 0x00007fa837a56000 DEOPT PACKING pc=0x000000010c93f127 sp=0x000070000de0bc20
Event: 75.927 Thread 0x00007fa837a56000 DEOPT UNPACKING pc=0x000000010bad54c4 sp=0x000070000de0ba78 mode 0
Event: 75.927 loading class com/android/build/gradle/internal/tasks/MergeNativeLibsTask$Companion
Event: 75.927 loading class com/android/build/gradle/internal/tasks/MergeNativeLibsTask$Companion done


Dynamic libraries:
0x00007fff31ebf000 	/System/Library/Frameworks/Cocoa.framework/Versions/A/Cocoa
0x00007fff3f6b8000 	/System/Library/Frameworks/Security.framework/Versions/A/Security
0x00007fff30e24000 	/System/Library/Frameworks/ApplicationServices.framework/Versions/A/ApplicationServices
0x00007fff6c3a3000 	/usr/lib/libz.1.dylib
0x00007fff69e67000 	/usr/lib/libSystem.B.dylib
0x00007fff6bcc7000 	/usr/lib/libobjc.A.dylib
0x00007fff3541e000 	/System/Library/Frameworks/Foundation.framework/Versions/C/Foundation
0x00007fff32d61000 	/System/Library/Frameworks/CoreFoundation.framework/Versions/A/CoreFoundation
0x00007fff30014000 	/System/Library/Frameworks/AppKit.framework/Versions/C/AppKit
0x00007fff32843000 	/System/Library/Frameworks/CoreData.framework/Versions/A/CoreData
0x00007fff63e7c000 	/System/Library/PrivateFrameworks/UIFoundation.framework/Versions/A/UIFoundation
0x00007fff5ef10000 	/System/Library/PrivateFrameworks/RemoteViewServices.framework/Versions/A/RemoteViewServices
0x00007fff669d7000 	/System/Library/PrivateFrameworks/XCTTargetBootstrap.framework/Versions/A/XCTTargetBootstrap
0x00007fff32c2e000 	/System/Library/Frameworks/CoreDisplay.framework/Versions/A/CoreDisplay
0x00007fff382d9000 	/System/Library/Frameworks/Metal.framework/Versions/A/Metal
0x00007fff4ced1000 	/System/Library/PrivateFrameworks/DesktopServicesPriv.framework/Versions/A/DesktopServicesPriv
0x00007fff6afa2000 	/usr/lib/liblangid.dylib
0x00007fff4c166000 	/System/Library/PrivateFrameworks/CoreSVG.framework/Versions/A/CoreSVG
0x00007fff6206c000 	/System/Library/PrivateFrameworks/SkyLight.framework/Versions/A/SkyLight
0x00007fff331e2000 	/System/Library/Frameworks/CoreGraphics.framework/Versions/A/CoreGraphics
0x00007fff2e9e8000 	/System/Library/Frameworks/Accelerate.framework/Versions/A/Accelerate
0x00007fff6c294000 	/usr/lib/libxml2.2.dylib
0x00007fff57e6f000 	/System/Library/PrivateFrameworks/IconServices.framework/Versions/A/IconServices
0x00007fff35bfd000 	/System/Library/Frameworks/IOSurface.framework/Versions/A/IOSurface
0x00007fff69991000 	/usr/lib/libDiagnosticMessagesClient.dylib
0x00007fff4cd2b000 	/System/Library/PrivateFrameworks/DFRFoundation.framework/Versions/A/DFRFoundation
0x00007fff6ad31000 	/usr/lib/libicucore.A.dylib
0x00007fff31156000 	/System/Library/Frameworks/AudioToolbox.framework/Versions/A/AudioToolbox
0x00007fff31239000 	/System/Library/Frameworks/AudioUnit.framework/Versions/A/AudioUnit
0x00007fff6a069000 	/usr/lib/libauto.dylib
0x00007fff4cdcd000 	/System/Library/PrivateFrameworks/DataDetectorsCore.framework/Versions/A/DataDetectorsCore
0x00007fff319e0000 	/System/Library/Frameworks/Carbon.framework/Versions/A/Frameworks/HIToolbox.framework/Versions/A/HIToolbox
0x00007fff3e8b2000 	/System/Library/Frameworks/QuartzCore.framework/Versions/A/QuartzCore
0x00007fff31d1f000 	/System/Library/Frameworks/Carbon.framework/Versions/A/Frameworks/SpeechRecognition.framework/Versions/A/SpeechRecognition
0x00007fff4c83f000 	/System/Library/PrivateFrameworks/CoreUI.framework/Versions/A/CoreUI
0x00007fff322ae000 	/System/Library/Frameworks/CoreAudio.framework/Versions/A/CoreAudio
0x00007fff350dd000 	/System/Library/Frameworks/DiskArbitration.framework/Versions/A/DiskArbitration
0x00007fff59eeb000 	/System/Library/PrivateFrameworks/MultitouchSupport.framework/Versions/A/MultitouchSupport
0x00007fff6abf8000 	/usr/lib/libenergytrace.dylib
0x00007fff35b57000 	/System/Library/Frameworks/IOKit.framework/Versions/A/IOKit
0x00007fff34149000 	/System/Library/Frameworks/CoreServices.framework/Versions/A/CoreServices
0x00007fff5c0a3000 	/System/Library/PrivateFrameworks/PerformanceAnalysis.framework/Versions/A/PerformanceAnalysis
0x00007fff3d8e5000 	/System/Library/Frameworks/OpenGL.framework/Versions/A/OpenGL
0x00007fff31ecd000 	/System/Library/Frameworks/ColorSync.framework/Versions/A/ColorSync
0x00007fff33865000 	/System/Library/Frameworks/CoreImage.framework/Versions/A/CoreImage
0x00007fff34bbc000 	/System/Library/Frameworks/CoreText.framework/Versions/A/CoreText
0x00007fff35c8d000 	/System/Library/Frameworks/ImageIO.framework/Versions/A/ImageIO
0x00007fff6a14d000 	/usr/lib/libc++.1.dylib
0x00007fff6a1c9000 	/usr/lib/libcompression.dylib
0x00007fff69cd5000 	/usr/lib/libMobileGestalt.dylib
0x00007fff63be6000 	/System/Library/PrivateFrameworks/TextureIO.framework/Versions/A/TextureIO
0x00007fff69fcc000 	/usr/lib/libate.dylib
0x00007fff58078000 	/System/Library/PrivateFrameworks/InternationalSupport.framework/Versions/A/InternationalSupport
0x00007fff6cc64000 	/usr/lib/system/libcache.dylib
0x00007fff6cc6a000 	/usr/lib/system/libcommonCrypto.dylib
0x00007fff6cc76000 	/usr/lib/system/libcompiler_rt.dylib
0x00007fff6cc7e000 	/usr/lib/system/libcopyfile.dylib
0x00007fff6cc88000 	/usr/lib/system/libcorecrypto.dylib
0x00007fff6ce27000 	/usr/lib/system/libdispatch.dylib
0x00007fff6ce68000 	/usr/lib/system/libdyld.dylib
0x00007fff6ce9f000 	/usr/lib/system/libkeymgr.dylib
0x00007fff6cead000 	/usr/lib/system/liblaunch.dylib
0x00007fff6ceae000 	/usr/lib/system/libmacho.dylib
0x00007fff6ceb4000 	/usr/lib/system/libquarantine.dylib
0x00007fff6ceb7000 	/usr/lib/system/libremovefile.dylib
0x00007fff6ceb9000 	/usr/lib/system/libsystem_asl.dylib
0x00007fff6ced1000 	/usr/lib/system/libsystem_blocks.dylib
0x00007fff6ced2000 	/usr/lib/system/libsystem_c.dylib
0x00007fff6cf5a000 	/usr/lib/system/libsystem_configuration.dylib
0x00007fff6cf5e000 	/usr/lib/system/libsystem_coreservices.dylib
0x00007fff6cf62000 	/usr/lib/system/libsystem_darwin.dylib
0x00007fff6cf6b000 	/usr/lib/system/libsystem_dnssd.dylib
0x00007fff6cf73000 	/usr/lib/system/libsystem_featureflags.dylib
0x00007fff6cf75000 	/usr/lib/system/libsystem_info.dylib
0x00007fff6cff0000 	/usr/lib/system/libsystem_m.dylib
0x00007fff6d038000 	/usr/lib/system/libsystem_malloc.dylib
0x00007fff6d060000 	/usr/lib/system/libsystem_networkextension.dylib
0x00007fff6d06e000 	/usr/lib/system/libsystem_notify.dylib
0x00007fff6d08c000 	/usr/lib/system/libsystem_sandbox.dylib
0x00007fff6d091000 	/usr/lib/system/libsystem_secinit.dylib
0x00007fff6cfc3000 	/usr/lib/system/libsystem_kernel.dylib
0x00007fff6d078000 	/usr/lib/system/libsystem_platform.dylib
0x00007fff6d081000 	/usr/lib/system/libsystem_pthread.dylib
0x00007fff6d094000 	/usr/lib/system/libsystem_symptoms.dylib
0x00007fff6d09c000 	/usr/lib/system/libsystem_trace.dylib
0x00007fff6d0b4000 	/usr/lib/system/libunwind.dylib
0x00007fff6d0ba000 	/usr/lib/system/libxpc.dylib
0x00007fff6a1a0000 	/usr/lib/libc++abi.dylib
0x00007fff6afa4000 	/usr/lib/liblzma.5.dylib
0x00007fff6ac1f000 	/usr/lib/libfakelink.dylib
0x00007fff69f59000 	/usr/lib/libarchive.2.dylib
0x00007fff40769000 	/System/Library/Frameworks/SystemConfiguration.framework/Versions/A/SystemConfiguration
0x00007fff698c4000 	/usr/lib/libCRFSuite.dylib
0x00007fff315d0000 	/System/Library/Frameworks/CFNetwork.framework/Versions/A/CFNetwork
0x00007fff6a12f000 	/usr/lib/libbsm.0.dylib
0x00007fff6cea0000 	/usr/lib/system/libkxld.dylib
0x00007fff466a8000 	/System/Library/PrivateFrameworks/AppleFSCompression.framework/Versions/A/AppleFSCompression
0x00007fff6a4ba000 	/usr/lib/libcoretls.dylib
0x00007fff6a4d1000 	/usr/lib/libcoretls_cfhelpers.dylib
0x00007fff6bd0d000 	/usr/lib/libpam.2.dylib
0x00007fff6be42000 	/usr/lib/libsqlite3.dylib
0x00007fff6c281000 	/usr/lib/libxar.1.dylib
0x00007fff6a140000 	/usr/lib/libbz2.1.0.dylib
0x00007fff6ac40000 	/usr/lib/libiconv.2.dylib
0x00007fff6a1b6000 	/usr/lib/libcharset.1.dylib
0x00007fff6b7aa000 	/usr/lib/libnetwork.dylib
0x00007fff6bd14000 	/usr/lib/libpcap.A.dylib
0x00007fff69f0e000 	/usr/lib/libapple_nghttp2.dylib
0x00007fff34500000 	/System/Library/Frameworks/CoreServices.framework/Versions/A/Frameworks/FSEvents.framework/Versions/A/FSEvents
0x00007fff341d0000 	/System/Library/Frameworks/CoreServices.framework/Versions/A/Frameworks/CarbonCore.framework/Versions/A/CarbonCore
0x00007fff34744000 	/System/Library/Frameworks/CoreServices.framework/Versions/A/Frameworks/Metadata.framework/Versions/A/Metadata
0x00007fff347dd000 	/System/Library/Frameworks/CoreServices.framework/Versions/A/Frameworks/OSServices.framework/Versions/A/OSServices
0x00007fff3480b000 	/System/Library/Frameworks/CoreServices.framework/Versions/A/Frameworks/SearchKit.framework/Versions/A/SearchKit
0x00007fff3414a000 	/System/Library/Frameworks/CoreServices.framework/Versions/A/Frameworks/AE.framework/Versions/A/AE
0x00007fff34509000 	/System/Library/Frameworks/CoreServices.framework/Versions/A/Frameworks/LaunchServices.framework/Versions/A/LaunchServices
0x00007fff344b2000 	/System/Library/Frameworks/CoreServices.framework/Versions/A/Frameworks/DictionaryServices.framework/Versions/A/DictionaryServices
0x00007fff34873000 	/System/Library/Frameworks/CoreServices.framework/Versions/A/Frameworks/SharedFileList.framework/Versions/A/SharedFileList
0x00007fff39704000 	/System/Library/Frameworks/NetFS.framework/Versions/A/NetFS
0x00007fff5a41b000 	/System/Library/PrivateFrameworks/NetAuth.framework/Versions/A/NetAuth
0x00007fff66da4000 	/System/Library/PrivateFrameworks/login.framework/Versions/A/Frameworks/loginsupport.framework/Versions/A/loginsupport
0x00007fff636b1000 	/System/Library/PrivateFrameworks/TCC.framework/Versions/A/TCC
0x00007fff4b2d9000 	/System/Library/PrivateFrameworks/CoreNLP.framework/Versions/A/CoreNLP
0x00007fff598ec000 	/System/Library/PrivateFrameworks/MetadataUtilities.framework/Versions/A/MetadataUtilities
0x00007fff6b07c000 	/usr/lib/libmecabra.dylib
0x00007fff6afd4000 	/usr/lib/libmecab.dylib
0x00007fff6ac30000 	/usr/lib/libgermantok.dylib
0x00007fff69ef5000 	/usr/lib/libThaiTokenizer.dylib
0x00007fff698fb000 	/usr/lib/libChineseTokenizer.dylib
0x00007fff2ea00000 	/System/Library/Frameworks/Accelerate.framework/Versions/A/Frameworks/vImage.framework/Versions/A/vImage
0x00007fff2fe6a000 	/System/Library/Frameworks/Accelerate.framework/Versions/A/Frameworks/vecLib.framework/Versions/A/vecLib
0x00007fff2fda7000 	/System/Library/Frameworks/Accelerate.framework/Versions/A/Frameworks/vecLib.framework/Versions/A/libvMisc.dylib
0x00007fff2fbcf000 	/System/Library/Frameworks/Accelerate.framework/Versions/A/Frameworks/vecLib.framework/Versions/A/libvDSP.dylib
0x00007fff2f057000 	/System/Library/Frameworks/Accelerate.framework/Versions/A/Frameworks/vecLib.framework/Versions/A/libBLAS.dylib
0x00007fff2f793000 	/System/Library/Frameworks/Accelerate.framework/Versions/A/Frameworks/vecLib.framework/Versions/A/libLAPACK.dylib
0x00007fff2fb2f000 	/System/Library/Frameworks/Accelerate.framework/Versions/A/Frameworks/vecLib.framework/Versions/A/libLinearAlgebra.dylib
0x00007fff2fbbc000 	/System/Library/Frameworks/Accelerate.framework/Versions/A/Frameworks/vecLib.framework/Versions/A/libSparseBLAS.dylib
0x00007fff2fb45000 	/System/Library/Frameworks/Accelerate.framework/Versions/A/Frameworks/vecLib.framework/Versions/A/libQuadrature.dylib
0x00007fff2f2bf000 	/System/Library/Frameworks/Accelerate.framework/Versions/A/Frameworks/vecLib.framework/Versions/A/libBNNS.dylib
0x00007fff2fb4b000 	/System/Library/Frameworks/Accelerate.framework/Versions/A/Frameworks/vecLib.framework/Versions/A/libSparse.dylib
0x00007fff58460000 	/System/Library/PrivateFrameworks/LanguageModeling.framework/Versions/A/LanguageModeling
0x00007fff4ac89000 	/System/Library/PrivateFrameworks/CoreEmoji.framework/Versions/A/CoreEmoji
0x00007fff5857e000 	/System/Library/PrivateFrameworks/LinguisticData.framework/Versions/A/LinguisticData
0x00007fff5852f000 	/System/Library/PrivateFrameworks/Lexicon.framework/Versions/A/Lexicon
0x00007fff6a1b7000 	/usr/lib/libcmph.dylib
0x00007fff3c2f3000 	/System/Library/Frameworks/OpenDirectory.framework/Versions/A/Frameworks/CFOpenDirectory.framework/Versions/A/CFOpenDirectory
0x00007fff3c310000 	/System/Library/Frameworks/OpenDirectory.framework/Versions/A/OpenDirectory
0x00007fff44753000 	/System/Library/PrivateFrameworks/APFS.framework/Versions/A/APFS
0x00007fff3fa02000 	/System/Library/Frameworks/SecurityFoundation.framework/Versions/A/SecurityFoundation
0x00007fff6c27d000 	/usr/lib/libutil.dylib
0x00007fff4c1be000 	/System/Library/PrivateFrameworks/CoreServicesStore.framework/Versions/A/CoreServicesStore
0x00007fff3fab9000 	/System/Library/Frameworks/ServiceManagement.framework/Versions/A/ServiceManagement
0x00007fff47e78000 	/System/Library/PrivateFrameworks/BackgroundTaskManagement.framework/Versions/A/BackgroundTaskManagement
0x00007fff6c37a000 	/usr/lib/libxslt.1.dylib
0x00007fff46d1b000 	/System/Library/PrivateFrameworks/AppleSystemInfo.framework/Versions/A/AppleSystemInfo
0x00007fff35ea8000 	/System/Library/Frameworks/ImageIO.framework/Versions/A/Resources/libJPEG.dylib
0x00007fff36167000 	/System/Library/Frameworks/ImageIO.framework/Versions/A/Resources/libTIFF.dylib
0x00007fff3614a000 	/System/Library/Frameworks/ImageIO.framework/Versions/A/Resources/libPng.dylib
0x00007fff35dea000 	/System/Library/Frameworks/ImageIO.framework/Versions/A/Resources/libGIF.dylib
0x00007fff35dee000 	/System/Library/Frameworks/ImageIO.framework/Versions/A/Resources/libJP2.dylib
0x00007fff36165000 	/System/Library/Frameworks/ImageIO.framework/Versions/A/Resources/libRadiance.dylib
0x00007fff6abf9000 	/usr/lib/libexpat.1.dylib
0x00007fff46803000 	/System/Library/PrivateFrameworks/AppleJPEG.framework/Versions/A/AppleJPEG
0x00007fff4f4d4000 	/System/Library/PrivateFrameworks/FontServices.framework/libFontParser.dylib
0x00007fff65da6000 	/System/Library/PrivateFrameworks/WatchdogClient.framework/Versions/A/WatchdogClient
0x00007fff57abb000 	/System/Library/PrivateFrameworks/IOAccelerator.framework/Versions/A/IOAccelerator
0x00007fff38674000 	/System/Library/Frameworks/MetalPerformanceShaders.framework/Versions/A/MetalPerformanceShaders
0x00007fff54251000 	/System/Library/PrivateFrameworks/GPUWrangler.framework/Versions/A/GPUWrangler
0x00007fff57ad0000 	/System/Library/PrivateFrameworks/IOPresentment.framework/Versions/A/IOPresentment
0x00007fff4cd3e000 	/System/Library/PrivateFrameworks/DSExternalDisplay.framework/Versions/A/DSExternalDisplay
0x00007fff3cc84000 	/System/Library/Frameworks/OpenGL.framework/Versions/A/Libraries/libCoreFSCache.dylib
0x00007fff383c0000 	/System/Library/Frameworks/MetalPerformanceShaders.framework/Frameworks/MPSCore.framework/Versions/A/MPSCore
0x00007fff383fe000 	/System/Library/Frameworks/MetalPerformanceShaders.framework/Frameworks/MPSImage.framework/Versions/A/MPSImage
0x00007fff384c5000 	/System/Library/Frameworks/MetalPerformanceShaders.framework/Frameworks/MPSNeuralNetwork.framework/Versions/A/MPSNeuralNetwork
0x00007fff38489000 	/System/Library/Frameworks/MetalPerformanceShaders.framework/Frameworks/MPSMatrix.framework/Versions/A/MPSMatrix
0x00007fff38624000 	/System/Library/Frameworks/MetalPerformanceShaders.framework/Frameworks/MPSRayIntersector.framework/Versions/A/MPSRayIntersector
0x00007fff384af000 	/System/Library/Frameworks/MetalPerformanceShaders.framework/Frameworks/MPSNDArray.framework/Versions/A/MPSNDArray
0x00007fff59939000 	/System/Library/PrivateFrameworks/MetalTools.framework/Versions/A/MetalTools
0x00007fff4592d000 	/System/Library/PrivateFrameworks/AggregateDictionary.framework/Versions/A/AggregateDictionary
0x00007fff4a6d1000 	/System/Library/PrivateFrameworks/CoreAnalytics.framework/Versions/A/CoreAnalytics
0x00007fff46c3a000 	/System/Library/PrivateFrameworks/AppleSauce.framework/Versions/A/AppleSauce
0x00007fff69bb7000 	/usr/lib/libIOReport.dylib
0x00007fff34d74000 	/System/Library/Frameworks/CoreVideo.framework/Versions/A/CoreVideo
0x00007fff556ca000 	/System/Library/PrivateFrameworks/GraphVisualizer.framework/Versions/A/GraphVisualizer
0x00007fff4ea1a000 	/System/Library/PrivateFrameworks/FaceCore.framework/Versions/A/FaceCore
0x00007fff3c29a000 	/System/Library/Frameworks/OpenCL.framework/Versions/A/OpenCL
0x00007fff699d9000 	/usr/lib/libFosl_dynamic.dylib
0x00007fff5ae3b000 	/System/Library/PrivateFrameworks/OTSVG.framework/Versions/A/OTSVG
0x00007fff30f29000 	/System/Library/Frameworks/ApplicationServices.framework/Versions/A/Frameworks/ATS.framework/Versions/A/Resources/libFontRegistry.dylib
0x00007fff4f6a5000 	/System/Library/PrivateFrameworks/FontServices.framework/libhvf.dylib
0x00007fff3cc8f000 	/System/Library/Frameworks/OpenGL.framework/Versions/A/Libraries/libGFXShared.dylib
0x00007fff3ce6d000 	/System/Library/Frameworks/OpenGL.framework/Versions/A/Libraries/libGLU.dylib
0x00007fff3cc98000 	/System/Library/Frameworks/OpenGL.framework/Versions/A/Libraries/libGL.dylib
0x00007fff3cca3000 	/System/Library/Frameworks/OpenGL.framework/Versions/A/Libraries/libGLImage.dylib
0x00007fff3cc81000 	/System/Library/Frameworks/OpenGL.framework/Versions/A/Libraries/libCVMSPluginSupport.dylib
0x00007fff3cc8a000 	/System/Library/Frameworks/OpenGL.framework/Versions/A/Libraries/libCoreVMClient.dylib
0x00007fff6b64b000 	/usr/lib/libncurses.5.4.dylib
0x00007fff30e25000 	/System/Library/Frameworks/ApplicationServices.framework/Versions/A/Frameworks/ATS.framework/Versions/A/ATS
0x00007fff30ff2000 	/System/Library/Frameworks/ApplicationServices.framework/Versions/A/Frameworks/ColorSyncLegacy.framework/Versions/A/ColorSyncLegacy
0x00007fff31090000 	/System/Library/Frameworks/ApplicationServices.framework/Versions/A/Frameworks/HIServices.framework/Versions/A/HIServices
0x00007fff310e8000 	/System/Library/Frameworks/ApplicationServices.framework/Versions/A/Frameworks/LangAnalysis.framework/Versions/A/LangAnalysis
0x00007fff310f7000 	/System/Library/Frameworks/ApplicationServices.framework/Versions/A/Frameworks/PrintCore.framework/Versions/A/PrintCore
0x00007fff3113d000 	/System/Library/Frameworks/ApplicationServices.framework/Versions/A/Frameworks/QD.framework/Versions/A/QD
0x00007fff31148000 	/System/Library/Frameworks/ApplicationServices.framework/Versions/A/Frameworks/SpeechSynthesis.framework/Versions/A/SpeechSynthesis
0x00007fff30fc2000 	/System/Library/Frameworks/ApplicationServices.framework/Versions/A/Frameworks/ATSUI.framework/Versions/A/ATSUI
0x00007fff6aa8f000 	/usr/lib/libcups.2.dylib
0x00007fff3770f000 	/System/Library/Frameworks/Kerberos.framework/Versions/A/Kerberos
0x00007fff35850000 	/System/Library/Frameworks/GSS.framework/Versions/A/GSS
0x00007fff6bdce000 	/usr/lib/libresolv.9.dylib
0x00007fff55877000 	/System/Library/PrivateFrameworks/Heimdal.framework/Versions/A/Heimdal
0x00007fff37722000 	/System/Library/Frameworks/Kerberos.framework/Versions/A/Libraries/libHeimdalProxy.dylib
0x00007fff6ac36000 	/usr/lib/libheimdal-asn1.dylib
0x00007fff49b69000 	/System/Library/PrivateFrameworks/CommonAuth.framework/Versions/A/CommonAuth
0x00007fff46db8000 	/System/Library/PrivateFrameworks/AssertionServices.framework/Versions/A/AssertionServices
0x00007fff4795b000 	/System/Library/PrivateFrameworks/AudioToolboxCore.framework/Versions/A/AudioToolboxCore
0x00007fff66a54000 	/System/Library/PrivateFrameworks/caulk.framework/Versions/A/caulk
0x00007fff47f24000 	/System/Library/PrivateFrameworks/BaseBoard.framework/Versions/A/BaseBoard
0x00007fff5f09e000 	/System/Library/PrivateFrameworks/RunningBoardServices.framework/Versions/A/RunningBoardServices
0x00007fff5c0af000 	/System/Library/PrivateFrameworks/PersistentConnection.framework/Versions/A/PersistentConnection
0x00007fff5ea97000 	/System/Library/PrivateFrameworks/ProtocolBuffer.framework/Versions/A/ProtocolBuffer
0x00007fff49b8d000 	/System/Library/PrivateFrameworks/CommonUtilities.framework/Versions/A/CommonUtilities
0x00007fff480b2000 	/System/Library/PrivateFrameworks/Bom.framework/Versions/A/Bom
0x00007fff6988a000 	/usr/lib/libAudioToolboxUtility.dylib
0x00007fff47e82000 	/System/Library/PrivateFrameworks/Backup.framework/Versions/A/Backup
0x00007fff4cc5f000 	/System/Library/PrivateFrameworks/CrashReporterSupport.framework/Versions/A/CrashReporterSupport
0x00007fff60b30000 	/System/Library/PrivateFrameworks/Sharing.framework/Versions/A/Sharing
0x00007fff463c6000 	/System/Library/PrivateFrameworks/Apple80211.framework/Versions/A/Apple80211
0x00007fff47b9f000 	/System/Library/PrivateFrameworks/AuthKit.framework/Versions/A/AuthKit
0x00007fff4c96c000 	/System/Library/PrivateFrameworks/CoreUtils.framework/Versions/A/CoreUtils
0x00007fff34db9000 	/System/Library/Frameworks/CoreWLAN.framework/Versions/A/CoreWLAN
0x00007fff359dd000 	/System/Library/Frameworks/IOBluetooth.framework/Versions/A/IOBluetooth
0x00007fff59c6a000 	/System/Library/PrivateFrameworks/MobileKeyBag.framework/Versions/A/MobileKeyBag
0x00007fff4b771000 	/System/Library/PrivateFrameworks/CorePhoneNumbers.framework/Versions/A/CorePhoneNumbers
0x00007fff467b6000 	/System/Library/PrivateFrameworks/AppleIDAuthSupport.framework/Versions/A/AppleIDAuthSupport
0x00007fff39711000 	/System/Library/Frameworks/Network.framework/Versions/A/Network
0x00007fff5830c000 	/System/Library/PrivateFrameworks/KeychainCircle.framework/Versions/A/KeychainCircle
0x00007fff3280a000 	/System/Library/Frameworks/CoreBluetooth.framework/Versions/A/CoreBluetooth
0x00007fff62baf000 	/System/Library/PrivateFrameworks/SpeechRecognitionCore.framework/Versions/A/SpeechRecognitionCore
0x0000000108a00000 	/Library/Java/JavaVirtualMachines/adoptopenjdk-8.jdk/Contents/Home/jre/lib/server/libjvm.dylib
0x00007fff6c150000 	/usr/lib/libstdc++.6.dylib
0x0000000107804000 	/Library/Java/JavaVirtualMachines/adoptopenjdk-8.jdk/Contents/Home/jre/lib/libverify.dylib
0x0000000107813000 	/Library/Java/JavaVirtualMachines/adoptopenjdk-8.jdk/Contents/Home/jre/lib/libjava.dylib
0x0000000107895000 	/Library/Java/JavaVirtualMachines/adoptopenjdk-8.jdk/Contents/Home/jre/lib/libzip.dylib
0x000000012487e000 	/Library/Java/JavaVirtualMachines/adoptopenjdk-8.jdk/Contents/Home/jre/lib/libnet.dylib
0x0000000124897000 	/Library/Java/JavaVirtualMachines/adoptopenjdk-8.jdk/Contents/Home/jre/lib/libnio.dylib
0x00000001248a9000 	/Users/carl/.gradle/native/36/osx-amd64/libnative-platform.dylib
0x0000000124bdb000 	/Library/Java/JavaVirtualMachines/adoptopenjdk-8.jdk/Contents/Home/jre/lib/libmanagement.dylib
0x000000012a09d000 	/Library/Java/JavaVirtualMachines/adoptopenjdk-8.jdk/Contents/Home/jre/lib/libsunec.dylib
0x00007fff6c222000 	/usr/lib/libusrtcp.dylib

VM Arguments:
jvm_args: -XX:MaxPermSize=2048m -XX:+HeapDumpOnOutOfMemoryError -Xmx4g -Dfile.encoding=UTF-8 -Duser.country=KR -Duser.language=en -Duser.variant 
java_command: org.gradle.launcher.daemon.bootstrap.GradleDaemon 6.2
java_class_path (initial): /Users/carl/.gradle/wrapper/dists/gradle-6.2-all/dvufqs6kielxeao781pmk5huj/gradle-6.2/lib/gradle-launcher-6.2.jar
Launcher Type: SUN_STANDARD

Environment Variables:
PATH=/Users/carl/opt/anaconda3/bin:/Users/carl/opt/anaconda3/condabin:/Users/carl/.cargo/bin:/Users/carl/exec -l /bin/bash/google-cloud-sdk/bin:/anaconda3/bin:/usr/local/bin:/usr/bin:/bin:/usr/sbin:/sbin:/usr/local/go/bin:/opt/X11/bin:/Library/Apple/usr/bin:/Users/carl/Library/Android/sdk/emulator:/Users/carl/Library/Android/sdk/tools:/Users/carl/Library/Android/sdk/tools/bin:/Users/carl/Library/Android/sdk/platform-tools:/Users/carl/development/flutter/bin
SHELL=/bin/bash

Signal Handlers:
SIGSEGV: [libjvm.dylib+0x58618b], sa_mask[0]=11111111011111110111111111111111, sa_flags=SA_ONSTACK|SA_RESTART|SA_SIGINFO
SIGBUS: [libjvm.dylib+0x58618b], sa_mask[0]=11111111011111110111111111111111, sa_flags=SA_RESTART|SA_SIGINFO
SIGFPE: [libjvm.dylib+0x4614ec], sa_mask[0]=11111111011111110111111111111111, sa_flags=SA_RESTART|SA_SIGINFO
SIGPIPE: [libjvm.dylib+0x4614ec], sa_mask[0]=11111111011111110111111111111111, sa_flags=SA_RESTART|SA_SIGINFO
SIGXFSZ: [libjvm.dylib+0x4614ec], sa_mask[0]=11111111011111110111111111111111, sa_flags=SA_RESTART|SA_SIGINFO
SIGILL: [libjvm.dylib+0x4614ec], sa_mask[0]=11111111011111110111111111111111, sa_flags=SA_RESTART|SA_SIGINFO
SIGUSR1: SIG_DFL, sa_mask[0]=11011111011111100000000111000110, sa_flags=none
SIGUSR2: [libjvm.dylib+0x46100a], sa_mask[0]=00100000000000000000000000000000, sa_flags=SA_RESTART|SA_SIGINFO
SIGHUP: [libjvm.dylib+0x45f595], sa_mask[0]=11111111011111110111111111111111, sa_flags=SA_RESTART|SA_SIGINFO
SIGINT: [libjvm.dylib+0x45f595], sa_mask[0]=11111111011111110111111111111111, sa_flags=SA_RESTART|SA_SIGINFO
SIGTERM: [libjvm.dylib+0x45f595], sa_mask[0]=11111111011111110111111111111111, sa_flags=SA_RESTART|SA_SIGINFO
SIGQUIT: [libjvm.dylib+0x45f595], sa_mask[0]=11111111011111110111111111111111, sa_flags=SA_RESTART|SA_SIGINFO


---------------  S Y S T E M  ---------------

OS:Bsduname:Darwin 19.6.0 Darwin Kernel Version 19.6.0: Mon Aug 31 22:12:52 PDT 2020; root:xnu-6153.141.2~1/RELEASE_X86_64 x86_64
rlimit: STACK 8192k, CORE 0k, NPROC 2784, NOFILE 10240, AS infinity
load average:131.40 76.43 32.55

CPU:total 8 (initial active 8) (4 cores per cpu, 2 threads per core) family 6 model 158 stepping 9, cmov, cx8, fxsr, mmx, sse, sse2, sse3, ssse3, sse4.1, sse4.2, popcnt, avx, avx2, aes, clmul, erms, rtm, 3dnowpref, lzcnt, ht, tsc, tscinvbit, bmi1, bmi2, adx

Memory: 4k page, physical 16777216k(104944k free)

/proc/meminfo:


vm_info: OpenJDK 64-Bit Server VM (25.222-b10) for bsd-amd64 JRE (1.8.0_222-b10), built on Jul 17 2019 01:08:37 by "jenkins" with gcc 4.2.1 (Based on Apple Inc. build 5658) (LLVM build 2336.11.00)

time: Wed Nov 11 20:40:12 2020
timezone: KST
elapsed time: 75 seconds (0d 0h 1m 15s)

